<?xml version="1.0" encoding="UTF-8"?>
<testsuite xmlns:xsi="http://www.w3.org/2001/XMLSchema-instance" xsi:noNamespaceSchemaLocation="https://maven.apache.org/surefire/maven-surefire-plugin/xsd/surefire-test-report.xsd" name="com.nickname.impl.NickNameImpTest" time="0.032" tests="1" errors="0" skipped="0" failures="0">
  <properties>
    <property name="gopherProxySet" value="false"/>
    <property name="awt.toolkit" value="sun.lwawt.macosx.LWCToolkit"/>
    <property name="file.encoding.pkg" value="sun.io"/>
    <property name="java.specification.version" value="1.8"/>
    <property name="sun.cpu.isalist" value=""/>
    <property name="sun.jnu.encoding" value="UTF-8"/>
    <property name="java.class.path" value="/Users/waris/GoogleCloud/nickname2/target/test-classes:/Users/waris/GoogleCloud/nickname2/target/classes:/Users/waris/.m2/repository/org/projectlombok/lombok/1.18.16/lombok-1.18.16.jar:/Users/waris/.m2/repository/org/springframework/boot/spring-boot-starter-thymeleaf/2.4.3/spring-boot-starter-thymeleaf-2.4.3.jar:/Users/waris/.m2/repository/org/springframework/boot/spring-boot-starter/2.4.3/spring-boot-starter-2.4.3.jar:/Users/waris/.m2/repository/org/springframework/boot/spring-boot-starter-logging/2.4.3/spring-boot-starter-logging-2.4.3.jar:/Users/waris/.m2/repository/ch/qos/logback/logback-classic/1.2.3/logback-classic-1.2.3.jar:/Users/waris/.m2/repository/ch/qos/logback/logback-core/1.2.3/logback-core-1.2.3.jar:/Users/waris/.m2/repository/org/apache/logging/log4j/log4j-to-slf4j/2.13.3/log4j-to-slf4j-2.13.3.jar:/Users/waris/.m2/repository/org/apache/logging/log4j/log4j-api/2.13.3/log4j-api-2.13.3.jar:/Users/waris/.m2/repository/org/slf4j/jul-to-slf4j/1.7.30/jul-to-slf4j-1.7.30.jar:/Users/waris/.m2/repository/jakarta/annotation/jakarta.annotation-api/1.3.5/jakarta.annotation-api-1.3.5.jar:/Users/waris/.m2/repository/org/yaml/snakeyaml/1.27/snakeyaml-1.27.jar:/Users/waris/.m2/repository/org/thymeleaf/thymeleaf-spring5/3.0.12.RELEASE/thymeleaf-spring5-3.0.12.RELEASE.jar:/Users/waris/.m2/repository/org/springframework/boot/spring-boot-starter-web/2.4.3/spring-boot-starter-web-2.4.3.jar:/Users/waris/.m2/repository/org/springframework/boot/spring-boot-starter-json/2.4.3/spring-boot-starter-json-2.4.3.jar:/Users/waris/.m2/repository/com/fasterxml/jackson/core/jackson-databind/2.11.4/jackson-databind-2.11.4.jar:/Users/waris/.m2/repository/com/fasterxml/jackson/core/jackson-annotations/2.11.4/jackson-annotations-2.11.4.jar:/Users/waris/.m2/repository/com/fasterxml/jackson/core/jackson-core/2.11.4/jackson-core-2.11.4.jar:/Users/waris/.m2/repository/com/fasterxml/jackson/datatype/jackson-datatype-jdk8/2.11.4/jackson-datatype-jdk8-2.11.4.jar:/Users/waris/.m2/repository/com/fasterxml/jackson/datatype/jackson-datatype-jsr310/2.11.4/jackson-datatype-jsr310-2.11.4.jar:/Users/waris/.m2/repository/com/fasterxml/jackson/module/jackson-module-parameter-names/2.11.4/jackson-module-parameter-names-2.11.4.jar:/Users/waris/.m2/repository/org/springframework/boot/spring-boot-starter-tomcat/2.4.3/spring-boot-starter-tomcat-2.4.3.jar:/Users/waris/.m2/repository/org/apache/tomcat/embed/tomcat-embed-core/9.0.43/tomcat-embed-core-9.0.43.jar:/Users/waris/.m2/repository/org/glassfish/jakarta.el/3.0.3/jakarta.el-3.0.3.jar:/Users/waris/.m2/repository/org/apache/tomcat/embed/tomcat-embed-websocket/9.0.43/tomcat-embed-websocket-9.0.43.jar:/Users/waris/.m2/repository/org/springframework/spring-web/5.3.4/spring-web-5.3.4.jar:/Users/waris/.m2/repository/org/springframework/spring-webmvc/5.3.4/spring-webmvc-5.3.4.jar:/Users/waris/.m2/repository/org/springframework/spring-aop/5.3.4/spring-aop-5.3.4.jar:/Users/waris/.m2/repository/org/springframework/spring-expression/5.3.4/spring-expression-5.3.4.jar:/Users/waris/.m2/repository/org/springframework/boot/spring-boot-devtools/2.4.3/spring-boot-devtools-2.4.3.jar:/Users/waris/.m2/repository/org/springframework/boot/spring-boot/2.4.3/spring-boot-2.4.3.jar:/Users/waris/.m2/repository/org/springframework/boot/spring-boot-autoconfigure/2.4.3/spring-boot-autoconfigure-2.4.3.jar:/Users/waris/.m2/repository/org/thymeleaf/extras/thymeleaf-extras-java8time/3.0.4.RELEASE/thymeleaf-extras-java8time-3.0.4.RELEASE.jar:/Users/waris/.m2/repository/org/thymeleaf/thymeleaf/3.0.12.RELEASE/thymeleaf-3.0.12.RELEASE.jar:/Users/waris/.m2/repository/ognl/ognl/3.1.26/ognl-3.1.26.jar:/Users/waris/.m2/repository/org/javassist/javassist/3.20.0-GA/javassist-3.20.0-GA.jar:/Users/waris/.m2/repository/org/attoparser/attoparser/2.0.5.RELEASE/attoparser-2.0.5.RELEASE.jar:/Users/waris/.m2/repository/org/unbescape/unbescape/1.1.6.RELEASE/unbescape-1.1.6.RELEASE.jar:/Users/waris/.m2/repository/org/slf4j/slf4j-api/1.7.30/slf4j-api-1.7.30.jar:/Users/waris/.m2/repository/org/springframework/spring-context-support/5.3.4/spring-context-support-5.3.4.jar:/Users/waris/.m2/repository/org/springframework/spring-beans/5.3.4/spring-beans-5.3.4.jar:/Users/waris/.m2/repository/org/springframework/spring-context/5.3.4/spring-context-5.3.4.jar:/Users/waris/.m2/repository/org/springframework/spring-core/5.3.4/spring-core-5.3.4.jar:/Users/waris/.m2/repository/org/springframework/spring-jcl/5.3.4/spring-jcl-5.3.4.jar:/Users/waris/.m2/repository/org/modelmapper/modelmapper/2.3.9/modelmapper-2.3.9.jar:/Users/waris/.m2/repository/junit/junit/4.13.2/junit-4.13.2.jar:/Users/waris/.m2/repository/org/hamcrest/hamcrest-core/2.2/hamcrest-core-2.2.jar:/Users/waris/.m2/repository/org/hamcrest/hamcrest/2.2/hamcrest-2.2.jar:/Users/waris/.m2/repository/org/junit/jupiter/junit-jupiter/5.7.1/junit-jupiter-5.7.1.jar:/Users/waris/.m2/repository/org/junit/jupiter/junit-jupiter-api/5.7.1/junit-jupiter-api-5.7.1.jar:/Users/waris/.m2/repository/org/apiguardian/apiguardian-api/1.1.0/apiguardian-api-1.1.0.jar:/Users/waris/.m2/repository/org/opentest4j/opentest4j/1.2.0/opentest4j-1.2.0.jar:/Users/waris/.m2/repository/org/junit/platform/junit-platform-commons/1.7.1/junit-platform-commons-1.7.1.jar:/Users/waris/.m2/repository/org/junit/jupiter/junit-jupiter-params/5.7.1/junit-jupiter-params-5.7.1.jar:/Users/waris/.m2/repository/org/junit/jupiter/junit-jupiter-engine/5.7.1/junit-jupiter-engine-5.7.1.jar:/Users/waris/.m2/repository/org/junit/platform/junit-platform-engine/1.7.1/junit-platform-engine-1.7.1.jar:/Users/waris/.m2/repository/com/google/cloud/google-cloud-api-gateway/2.1.4/google-cloud-api-gateway-2.1.4.jar:/Users/waris/.m2/repository/io/grpc/grpc-api/1.41.0/grpc-api-1.41.0.jar:/Users/waris/.m2/repository/io/grpc/grpc-context/1.41.0/grpc-context-1.41.0.jar:/Users/waris/.m2/repository/com/google/code/findbugs/jsr305/3.0.2/jsr305-3.0.2.jar:/Users/waris/.m2/repository/io/grpc/grpc-stub/1.41.0/grpc-stub-1.41.0.jar:/Users/waris/.m2/repository/io/grpc/grpc-protobuf/1.41.0/grpc-protobuf-1.41.0.jar:/Users/waris/.m2/repository/io/grpc/grpc-protobuf-lite/1.41.0/grpc-protobuf-lite-1.41.0.jar:/Users/waris/.m2/repository/com/google/api/api-common/2.0.5/api-common-2.0.5.jar:/Users/waris/.m2/repository/javax/annotation/javax.annotation-api/1.3.2/javax.annotation-api-1.3.2.jar:/Users/waris/.m2/repository/com/google/auto/value/auto-value-annotations/1.8.2/auto-value-annotations-1.8.2.jar:/Users/waris/.m2/repository/com/google/protobuf/protobuf-java/3.18.1/protobuf-java-3.18.1.jar:/Users/waris/.m2/repository/com/google/api/grpc/proto-google-common-protos/2.6.0/proto-google-common-protos-2.6.0.jar:/Users/waris/.m2/repository/com/google/api/grpc/proto-google-cloud-api-gateway-v1/2.1.4/proto-google-cloud-api-gateway-v1-2.1.4.jar:/Users/waris/.m2/repository/com/google/guava/guava/31.0.1-jre/guava-31.0.1-jre.jar:/Users/waris/.m2/repository/com/google/guava/failureaccess/1.0.1/failureaccess-1.0.1.jar:/Users/waris/.m2/repository/com/google/guava/listenablefuture/9999.0-empty-to-avoid-conflict-with-guava/listenablefuture-9999.0-empty-to-avoid-conflict-with-guava.jar:/Users/waris/.m2/repository/org/checkerframework/checker-qual/3.12.0/checker-qual-3.12.0.jar:/Users/waris/.m2/repository/com/google/errorprone/error_prone_annotations/2.9.0/error_prone_annotations-2.9.0.jar:/Users/waris/.m2/repository/com/google/j2objc/j2objc-annotations/1.3/j2objc-annotations-1.3.jar:/Users/waris/.m2/repository/com/google/api/gax/2.6.1/gax-2.6.1.jar:/Users/waris/.m2/repository/com/google/auth/google-auth-library-credentials/1.2.1/google-auth-library-credentials-1.2.1.jar:/Users/waris/.m2/repository/com/google/auth/google-auth-library-oauth2-http/1.2.1/google-auth-library-oauth2-http-1.2.1.jar:/Users/waris/.m2/repository/com/google/http-client/google-http-client/1.40.1/google-http-client-1.40.1.jar:/Users/waris/.m2/repository/org/apache/httpcomponents/httpclient/4.5.13/httpclient-4.5.13.jar:/Users/waris/.m2/repository/commons-logging/commons-logging/1.2/commons-logging-1.2.jar:/Users/waris/.m2/repository/commons-codec/commons-codec/1.15/commons-codec-1.15.jar:/Users/waris/.m2/repository/org/apache/httpcomponents/httpcore/4.4.14/httpcore-4.4.14.jar:/Users/waris/.m2/repository/io/opencensus/opencensus-contrib-http-util/0.28.0/opencensus-contrib-http-util-0.28.0.jar:/Users/waris/.m2/repository/com/google/http-client/google-http-client-gson/1.40.1/google-http-client-gson-1.40.1.jar:/Users/waris/.m2/repository/com/google/code/gson/gson/2.8.6/gson-2.8.6.jar:/Users/waris/.m2/repository/io/opencensus/opencensus-api/0.28.0/opencensus-api-0.28.0.jar:/Users/waris/.m2/repository/com/google/api/gax-grpc/2.6.1/gax-grpc-2.6.1.jar:/Users/waris/.m2/repository/io/grpc/grpc-alts/1.41.0/grpc-alts-1.41.0.jar:/Users/waris/.m2/repository/io/grpc/grpc-grpclb/1.41.0/grpc-grpclb-1.41.0.jar:/Users/waris/.m2/repository/com/google/protobuf/protobuf-java-util/3.18.1/protobuf-java-util-3.18.1.jar:/Users/waris/.m2/repository/org/conscrypt/conscrypt-openjdk-uber/2.5.1/conscrypt-openjdk-uber-2.5.1.jar:/Users/waris/.m2/repository/io/grpc/grpc-auth/1.41.0/grpc-auth-1.41.0.jar:/Users/waris/.m2/repository/io/grpc/grpc-netty-shaded/1.41.0/grpc-netty-shaded-1.41.0.jar:/Users/waris/.m2/repository/io/perfmark/perfmark-api/0.23.0/perfmark-api-0.23.0.jar:/Users/waris/.m2/repository/io/grpc/grpc-core/1.41.0/grpc-core-1.41.0.jar:/Users/waris/.m2/repository/com/google/android/annotations/4.1.1.4/annotations-4.1.1.4.jar:/Users/waris/.m2/repository/org/codehaus/mojo/animal-sniffer-annotations/1.20/animal-sniffer-annotations-1.20.jar:/Users/waris/.m2/repository/org/threeten/threetenbp/1.5.1/threetenbp-1.5.1.jar:"/>
    <property name="java.vm.vendor" value="Oracle Corporation"/>
    <property name="sun.arch.data.model" value="64"/>
    <property name="java.vendor.url" value="http://java.oracle.com/"/>
    <property name="user.timezone" value=""/>
    <property name="java.vm.specification.version" value="1.8"/>
    <property name="os.name" value="Mac OS X"/>
    <property name="user.country" value="US"/>
    <property name="sun.java.launcher" value="SUN_STANDARD"/>
    <property name="sun.boot.library.path" value="/Library/Java/JavaVirtualMachines/jdk1.8.0_331.jdk/Contents/Home/jre/lib"/>
    <property name="sun.java.command" value="/Users/waris/GoogleCloud/nickname2/target/surefire/surefirebooter1157363442128417640.jar /Users/waris/GoogleCloud/nickname2/target/surefire 2022-08-03T19-59-44_103-jvmRun1 surefire8947260305081140115tmp surefire_07350679981185601263tmp"/>
    <property name="http.nonProxyHosts" value="local|*.local|169.254/16|*.169.254/16"/>
    <property name="surefire.test.class.path" value="/Users/waris/GoogleCloud/nickname2/target/test-classes:/Users/waris/GoogleCloud/nickname2/target/classes:/Users/waris/.m2/repository/org/projectlombok/lombok/1.18.16/lombok-1.18.16.jar:/Users/waris/.m2/repository/org/springframework/boot/spring-boot-starter-thymeleaf/2.4.3/spring-boot-starter-thymeleaf-2.4.3.jar:/Users/waris/.m2/repository/org/springframework/boot/spring-boot-starter/2.4.3/spring-boot-starter-2.4.3.jar:/Users/waris/.m2/repository/org/springframework/boot/spring-boot-starter-logging/2.4.3/spring-boot-starter-logging-2.4.3.jar:/Users/waris/.m2/repository/ch/qos/logback/logback-classic/1.2.3/logback-classic-1.2.3.jar:/Users/waris/.m2/repository/ch/qos/logback/logback-core/1.2.3/logback-core-1.2.3.jar:/Users/waris/.m2/repository/org/apache/logging/log4j/log4j-to-slf4j/2.13.3/log4j-to-slf4j-2.13.3.jar:/Users/waris/.m2/repository/org/apache/logging/log4j/log4j-api/2.13.3/log4j-api-2.13.3.jar:/Users/waris/.m2/repository/org/slf4j/jul-to-slf4j/1.7.30/jul-to-slf4j-1.7.30.jar:/Users/waris/.m2/repository/jakarta/annotation/jakarta.annotation-api/1.3.5/jakarta.annotation-api-1.3.5.jar:/Users/waris/.m2/repository/org/yaml/snakeyaml/1.27/snakeyaml-1.27.jar:/Users/waris/.m2/repository/org/thymeleaf/thymeleaf-spring5/3.0.12.RELEASE/thymeleaf-spring5-3.0.12.RELEASE.jar:/Users/waris/.m2/repository/org/springframework/boot/spring-boot-starter-web/2.4.3/spring-boot-starter-web-2.4.3.jar:/Users/waris/.m2/repository/org/springframework/boot/spring-boot-starter-json/2.4.3/spring-boot-starter-json-2.4.3.jar:/Users/waris/.m2/repository/com/fasterxml/jackson/core/jackson-databind/2.11.4/jackson-databind-2.11.4.jar:/Users/waris/.m2/repository/com/fasterxml/jackson/core/jackson-annotations/2.11.4/jackson-annotations-2.11.4.jar:/Users/waris/.m2/repository/com/fasterxml/jackson/core/jackson-core/2.11.4/jackson-core-2.11.4.jar:/Users/waris/.m2/repository/com/fasterxml/jackson/datatype/jackson-datatype-jdk8/2.11.4/jackson-datatype-jdk8-2.11.4.jar:/Users/waris/.m2/repository/com/fasterxml/jackson/datatype/jackson-datatype-jsr310/2.11.4/jackson-datatype-jsr310-2.11.4.jar:/Users/waris/.m2/repository/com/fasterxml/jackson/module/jackson-module-parameter-names/2.11.4/jackson-module-parameter-names-2.11.4.jar:/Users/waris/.m2/repository/org/springframework/boot/spring-boot-starter-tomcat/2.4.3/spring-boot-starter-tomcat-2.4.3.jar:/Users/waris/.m2/repository/org/apache/tomcat/embed/tomcat-embed-core/9.0.43/tomcat-embed-core-9.0.43.jar:/Users/waris/.m2/repository/org/glassfish/jakarta.el/3.0.3/jakarta.el-3.0.3.jar:/Users/waris/.m2/repository/org/apache/tomcat/embed/tomcat-embed-websocket/9.0.43/tomcat-embed-websocket-9.0.43.jar:/Users/waris/.m2/repository/org/springframework/spring-web/5.3.4/spring-web-5.3.4.jar:/Users/waris/.m2/repository/org/springframework/spring-webmvc/5.3.4/spring-webmvc-5.3.4.jar:/Users/waris/.m2/repository/org/springframework/spring-aop/5.3.4/spring-aop-5.3.4.jar:/Users/waris/.m2/repository/org/springframework/spring-expression/5.3.4/spring-expression-5.3.4.jar:/Users/waris/.m2/repository/org/springframework/boot/spring-boot-devtools/2.4.3/spring-boot-devtools-2.4.3.jar:/Users/waris/.m2/repository/org/springframework/boot/spring-boot/2.4.3/spring-boot-2.4.3.jar:/Users/waris/.m2/repository/org/springframework/boot/spring-boot-autoconfigure/2.4.3/spring-boot-autoconfigure-2.4.3.jar:/Users/waris/.m2/repository/org/thymeleaf/extras/thymeleaf-extras-java8time/3.0.4.RELEASE/thymeleaf-extras-java8time-3.0.4.RELEASE.jar:/Users/waris/.m2/repository/org/thymeleaf/thymeleaf/3.0.12.RELEASE/thymeleaf-3.0.12.RELEASE.jar:/Users/waris/.m2/repository/ognl/ognl/3.1.26/ognl-3.1.26.jar:/Users/waris/.m2/repository/org/javassist/javassist/3.20.0-GA/javassist-3.20.0-GA.jar:/Users/waris/.m2/repository/org/attoparser/attoparser/2.0.5.RELEASE/attoparser-2.0.5.RELEASE.jar:/Users/waris/.m2/repository/org/unbescape/unbescape/1.1.6.RELEASE/unbescape-1.1.6.RELEASE.jar:/Users/waris/.m2/repository/org/slf4j/slf4j-api/1.7.30/slf4j-api-1.7.30.jar:/Users/waris/.m2/repository/org/springframework/spring-context-support/5.3.4/spring-context-support-5.3.4.jar:/Users/waris/.m2/repository/org/springframework/spring-beans/5.3.4/spring-beans-5.3.4.jar:/Users/waris/.m2/repository/org/springframework/spring-context/5.3.4/spring-context-5.3.4.jar:/Users/waris/.m2/repository/org/springframework/spring-core/5.3.4/spring-core-5.3.4.jar:/Users/waris/.m2/repository/org/springframework/spring-jcl/5.3.4/spring-jcl-5.3.4.jar:/Users/waris/.m2/repository/org/modelmapper/modelmapper/2.3.9/modelmapper-2.3.9.jar:/Users/waris/.m2/repository/junit/junit/4.13.2/junit-4.13.2.jar:/Users/waris/.m2/repository/org/hamcrest/hamcrest-core/2.2/hamcrest-core-2.2.jar:/Users/waris/.m2/repository/org/hamcrest/hamcrest/2.2/hamcrest-2.2.jar:/Users/waris/.m2/repository/org/junit/jupiter/junit-jupiter/5.7.1/junit-jupiter-5.7.1.jar:/Users/waris/.m2/repository/org/junit/jupiter/junit-jupiter-api/5.7.1/junit-jupiter-api-5.7.1.jar:/Users/waris/.m2/repository/org/apiguardian/apiguardian-api/1.1.0/apiguardian-api-1.1.0.jar:/Users/waris/.m2/repository/org/opentest4j/opentest4j/1.2.0/opentest4j-1.2.0.jar:/Users/waris/.m2/repository/org/junit/platform/junit-platform-commons/1.7.1/junit-platform-commons-1.7.1.jar:/Users/waris/.m2/repository/org/junit/jupiter/junit-jupiter-params/5.7.1/junit-jupiter-params-5.7.1.jar:/Users/waris/.m2/repository/org/junit/jupiter/junit-jupiter-engine/5.7.1/junit-jupiter-engine-5.7.1.jar:/Users/waris/.m2/repository/org/junit/platform/junit-platform-engine/1.7.1/junit-platform-engine-1.7.1.jar:/Users/waris/.m2/repository/com/google/cloud/google-cloud-api-gateway/2.1.4/google-cloud-api-gateway-2.1.4.jar:/Users/waris/.m2/repository/io/grpc/grpc-api/1.41.0/grpc-api-1.41.0.jar:/Users/waris/.m2/repository/io/grpc/grpc-context/1.41.0/grpc-context-1.41.0.jar:/Users/waris/.m2/repository/com/google/code/findbugs/jsr305/3.0.2/jsr305-3.0.2.jar:/Users/waris/.m2/repository/io/grpc/grpc-stub/1.41.0/grpc-stub-1.41.0.jar:/Users/waris/.m2/repository/io/grpc/grpc-protobuf/1.41.0/grpc-protobuf-1.41.0.jar:/Users/waris/.m2/repository/io/grpc/grpc-protobuf-lite/1.41.0/grpc-protobuf-lite-1.41.0.jar:/Users/waris/.m2/repository/com/google/api/api-common/2.0.5/api-common-2.0.5.jar:/Users/waris/.m2/repository/javax/annotation/javax.annotation-api/1.3.2/javax.annotation-api-1.3.2.jar:/Users/waris/.m2/repository/com/google/auto/value/auto-value-annotations/1.8.2/auto-value-annotations-1.8.2.jar:/Users/waris/.m2/repository/com/google/protobuf/protobuf-java/3.18.1/protobuf-java-3.18.1.jar:/Users/waris/.m2/repository/com/google/api/grpc/proto-google-common-protos/2.6.0/proto-google-common-protos-2.6.0.jar:/Users/waris/.m2/repository/com/google/api/grpc/proto-google-cloud-api-gateway-v1/2.1.4/proto-google-cloud-api-gateway-v1-2.1.4.jar:/Users/waris/.m2/repository/com/google/guava/guava/31.0.1-jre/guava-31.0.1-jre.jar:/Users/waris/.m2/repository/com/google/guava/failureaccess/1.0.1/failureaccess-1.0.1.jar:/Users/waris/.m2/repository/com/google/guava/listenablefuture/9999.0-empty-to-avoid-conflict-with-guava/listenablefuture-9999.0-empty-to-avoid-conflict-with-guava.jar:/Users/waris/.m2/repository/org/checkerframework/checker-qual/3.12.0/checker-qual-3.12.0.jar:/Users/waris/.m2/repository/com/google/errorprone/error_prone_annotations/2.9.0/error_prone_annotations-2.9.0.jar:/Users/waris/.m2/repository/com/google/j2objc/j2objc-annotations/1.3/j2objc-annotations-1.3.jar:/Users/waris/.m2/repository/com/google/api/gax/2.6.1/gax-2.6.1.jar:/Users/waris/.m2/repository/com/google/auth/google-auth-library-credentials/1.2.1/google-auth-library-credentials-1.2.1.jar:/Users/waris/.m2/repository/com/google/auth/google-auth-library-oauth2-http/1.2.1/google-auth-library-oauth2-http-1.2.1.jar:/Users/waris/.m2/repository/com/google/http-client/google-http-client/1.40.1/google-http-client-1.40.1.jar:/Users/waris/.m2/repository/org/apache/httpcomponents/httpclient/4.5.13/httpclient-4.5.13.jar:/Users/waris/.m2/repository/commons-logging/commons-logging/1.2/commons-logging-1.2.jar:/Users/waris/.m2/repository/commons-codec/commons-codec/1.15/commons-codec-1.15.jar:/Users/waris/.m2/repository/org/apache/httpcomponents/httpcore/4.4.14/httpcore-4.4.14.jar:/Users/waris/.m2/repository/io/opencensus/opencensus-contrib-http-util/0.28.0/opencensus-contrib-http-util-0.28.0.jar:/Users/waris/.m2/repository/com/google/http-client/google-http-client-gson/1.40.1/google-http-client-gson-1.40.1.jar:/Users/waris/.m2/repository/com/google/code/gson/gson/2.8.6/gson-2.8.6.jar:/Users/waris/.m2/repository/io/opencensus/opencensus-api/0.28.0/opencensus-api-0.28.0.jar:/Users/waris/.m2/repository/com/google/api/gax-grpc/2.6.1/gax-grpc-2.6.1.jar:/Users/waris/.m2/repository/io/grpc/grpc-alts/1.41.0/grpc-alts-1.41.0.jar:/Users/waris/.m2/repository/io/grpc/grpc-grpclb/1.41.0/grpc-grpclb-1.41.0.jar:/Users/waris/.m2/repository/com/google/protobuf/protobuf-java-util/3.18.1/protobuf-java-util-3.18.1.jar:/Users/waris/.m2/repository/org/conscrypt/conscrypt-openjdk-uber/2.5.1/conscrypt-openjdk-uber-2.5.1.jar:/Users/waris/.m2/repository/io/grpc/grpc-auth/1.41.0/grpc-auth-1.41.0.jar:/Users/waris/.m2/repository/io/grpc/grpc-netty-shaded/1.41.0/grpc-netty-shaded-1.41.0.jar:/Users/waris/.m2/repository/io/perfmark/perfmark-api/0.23.0/perfmark-api-0.23.0.jar:/Users/waris/.m2/repository/io/grpc/grpc-core/1.41.0/grpc-core-1.41.0.jar:/Users/waris/.m2/repository/com/google/android/annotations/4.1.1.4/annotations-4.1.1.4.jar:/Users/waris/.m2/repository/org/codehaus/mojo/animal-sniffer-annotations/1.20/animal-sniffer-annotations-1.20.jar:/Users/waris/.m2/repository/org/threeten/threetenbp/1.5.1/threetenbp-1.5.1.jar:"/>
    <property name="sun.cpu.endian" value="little"/>
    <property name="user.home" value="/Users/waris"/>
    <property name="user.language" value="en"/>
    <property name="java.specification.vendor" value="Oracle Corporation"/>
    <property name="java.home" value="/Library/Java/JavaVirtualMachines/jdk1.8.0_331.jdk/Contents/Home/jre"/>
    <property name="basedir" value="/Users/waris/GoogleCloud/nickname2"/>
    <property name="file.separator" value="/"/>
    <property name="line.separator" value="&#10;"/>
    <property name="java.vm.specification.vendor" value="Oracle Corporation"/>
    <property name="java.specification.name" value="Java Platform API Specification"/>
    <property name="java.awt.graphicsenv" value="sun.awt.CGraphicsEnvironment"/>
    <property name="surefire.real.class.path" value="/Users/waris/GoogleCloud/nickname2/target/surefire/surefirebooter1157363442128417640.jar"/>
    <property name="sun.boot.class.path" value="/Library/Java/JavaVirtualMachines/jdk1.8.0_331.jdk/Contents/Home/jre/lib/resources.jar:/Library/Java/JavaVirtualMachines/jdk1.8.0_331.jdk/Contents/Home/jre/lib/rt.jar:/Library/Java/JavaVirtualMachines/jdk1.8.0_331.jdk/Contents/Home/jre/lib/sunrsasign.jar:/Library/Java/JavaVirtualMachines/jdk1.8.0_331.jdk/Contents/Home/jre/lib/jsse.jar:/Library/Java/JavaVirtualMachines/jdk1.8.0_331.jdk/Contents/Home/jre/lib/jce.jar:/Library/Java/JavaVirtualMachines/jdk1.8.0_331.jdk/Contents/Home/jre/lib/charsets.jar:/Library/Java/JavaVirtualMachines/jdk1.8.0_331.jdk/Contents/Home/jre/lib/jfr.jar:/Library/Java/JavaVirtualMachines/jdk1.8.0_331.jdk/Contents/Home/jre/classes"/>
    <property name="sun.management.compiler" value="HotSpot 64-Bit Tiered Compilers"/>
    <property name="ftp.nonProxyHosts" value="local|*.local|169.254/16|*.169.254/16"/>
    <property name="java.runtime.version" value="1.8.0_331-b09"/>
    <property name="user.name" value="waris"/>
    <property name="path.separator" value=":"/>
    <property name="os.version" value="10.14.6"/>
    <property name="java.endorsed.dirs" value="/Library/Java/JavaVirtualMachines/jdk1.8.0_331.jdk/Contents/Home/jre/lib/endorsed"/>
    <property name="java.runtime.name" value="Java(TM) SE Runtime Environment"/>
    <property name="file.encoding" value="UTF-8"/>
    <property name="java.vm.name" value="Java HotSpot(TM) 64-Bit Server VM"/>
    <property name="localRepository" value="/Users/waris/.m2/repository"/>
    <property name="java.vendor.url.bug" value="http://bugreport.sun.com/bugreport/"/>
    <property name="java.io.tmpdir" value="/var/folders/c6/qbzqfvtd4h5dsvztdtdfjgvc0000gn/T/"/>
    <property name="java.version" value="1.8.0_331"/>
    <property name="user.dir" value="/Users/waris/GoogleCloud/nickname2"/>
    <property name="os.arch" value="x86_64"/>
    <property name="java.vm.specification.name" value="Java Virtual Machine Specification"/>
    <property name="java.awt.printerjob" value="sun.lwawt.macosx.CPrinterJob"/>
    <property name="sun.os.patch.level" value="unknown"/>
    <property name="java.library.path" value="/Users/waris/Library/Java/Extensions:/Library/Java/Extensions:/Network/Library/Java/Extensions:/System/Library/Java/Extensions:/usr/lib/java:."/>
    <property name="java.vm.info" value="mixed mode"/>
    <property name="java.vendor" value="Oracle Corporation"/>
    <property name="java.vm.version" value="25.331-b09"/>
    <property name="java.ext.dirs" value="/Users/waris/Library/Java/Extensions:/Library/Java/JavaVirtualMachines/jdk1.8.0_331.jdk/Contents/Home/jre/lib/ext:/Library/Java/Extensions:/Network/Library/Java/Extensions:/System/Library/Java/Extensions:/usr/lib/java"/>
    <property name="sun.io.unicode.encoding" value="UnicodeBig"/>
    <property name="java.class.version" value="52.0"/>
    <property name="socksNonProxyHosts" value="local|*.local|169.254/16|*.169.254/16"/>
  </properties>
  <testcase name="test" classname="com.nickname.impl.NickNameImpTest" time="0.025"/>
</testsuite>